# JRE version: OpenJDK Runtime Environment Temurin-21.0.11+10 (21.0.11+10) (build 21.0.11+10-LTS)
# Java VM: OpenJDK 64-Bit Server VM Temurin-21.0.11+10 (21.0.11+10-LTS, mixed mode, sharing, tiered, compressed oops, compressed class ptrs, parallel gc, windows-amd64)
GC Precious Log:
 CardTable entry size: 512
 CPUs: 12 total, 12 available
 Memory: 16133M
 Large Page Support: Disabled
 NUMA Support: Disabled
 Compressed Oops: Enabled (32-bit)
 Alignments: Space 512K, Generation 512K, Heap 2M
 Heap Min Capacity: 100M
 Heap Initial Capacity: 100M
 Heap Max Capacity: 2G
 Pre-touch: Disabled
 Parallel Workers: 10
Heap:
 PSYoungGen      total 4608K, used 4201K [0x00000000d5580000, 0x00000000d5d00000, 0x0000000100000000)
  eden space 3584K, 90% used [0x00000000d5580000,0x00000000d58aba08,0x00000000d5900000)
  from space 1024K, 93% used [0x00000000d5900000,0x00000000d59f0000,0x00000000d5a00000)
  to   space 1536K, 0% used [0x00000000d5b80000,0x00000000d5b80000,0x00000000d5d00000)
 ParOldGen       total 453120K, used 196783K [0x0000000080000000, 0x000000009ba80000, 0x00000000d5580000)
  object space 453120K, 43% used [0x0000000080000000,0x000000008c02bce8,0x000000009ba80000)
 Metaspace       used 77363K, committed 79104K, reserved 1179648K
  class space    used 8027K, committed 8832K, reserved 1048576K
GC Heap History (20 events):
Event: 158.639 GC heap after
{Heap after GC invocations=883 (full 4):
 PSYoungGen      total 4608K, used 448K [0x00000000d5580000, 0x00000000d5b00000, 0x0000000100000000)
  eden space 3584K, 0% used [0x00000000d5580000,0x00000000d5580000,0x00000000d5900000)
  from space 1024K, 43% used [0x00000000d5900000,0x00000000d5970000,0x00000000d5a00000)
  to   space 1024K, 0% used [0x00000000d5a00000,0x00000000d5a00000,0x00000000d5b00000)
 ParOldGen       total 453120K, used 186308K [0x0000000080000000, 0x000000009ba80000, 0x00000000d5580000)
  object space 453120K, 41% used [0x0000000080000000,0x000000008b5f1030,0x000000009ba80000)
 Metaspace       used 76850K, committed 78592K, reserved 1179648K
  class space    used 7954K, committed 8768K, reserved 1048576K
}
Event: 158.985 GC heap before
{Heap before GC invocations=884 (full 4):
 PSYoungGen      total 4608K, used 4032K [0x00000000d5580000, 0x00000000d5b00000, 0x0000000100000000)
  eden space 3584K, 100% used [0x00000000d5580000,0x00000000d5900000,0x00000000d5900000)
  from space 1024K, 43% used [0x00000000d5900000,0x00000000d5970000,0x00000000d5a00000)
  to   space 1024K, 0% used [0x00000000d5a00000,0x00000000d5a00000,0x00000000d5b00000)
 ParOldGen       total 453120K, used 186308K [0x0000000080000000, 0x000000009ba80000, 0x00000000d5580000)
  object space 453120K, 41% used [0x0000000080000000,0x000000008b5f1030,0x000000009ba80000)
 Metaspace       used 77054K, committed 78720K, reserved 1179648K
  class space    used 8000K, committed 8768K, reserved 1048576K
}
Event: 158.986 GC heap after
{Heap after GC invocations=884 (full 4):
 PSYoungGen      total 4608K, used 669K [0x00000000d5580000, 0x00000000d5b00000, 0x0000000100000000)
  eden space 3584K, 0% used [0x00000000d5580000,0x00000000d5580000,0x00000000d5900000)
  from space 1024K, 65% used [0x00000000d5a00000,0x00000000d5aa7620,0x00000000d5b00000)
  to   space 1024K, 0% used [0x00000000d5900000,0x00000000d5900000,0x00000000d5a00000)
 ParOldGen       total 453120K, used 186572K [0x0000000080000000, 0x000000009ba80000, 0x00000000d5580000)
  object space 453120K, 41% used [0x0000000080000000,0x000000008b633350,0x000000009ba80000)
 Metaspace       used 77054K, committed 78720K, reserved 1179648K
  class space    used 8000K, committed 8768K, reserved 1048576K
}
Event: 159.004 GC heap before
{Heap before GC invocations=885 (full 4):
 PSYoungGen      total 4608K, used 4253K [0x00000000d5580000, 0x00000000d5b00000, 0x0000000100000000)
  eden space 3584K, 100% used [0x00000000d5580000,0x00000000d5900000,0x00000000d5900000)
  from space 1024K, 65% used [0x00000000d5a00000,0x00000000d5aa7620,0x00000000d5b00000)
  to   space 1024K, 0% used [0x00000000d5900000,0x00000000d5900000,0x00000000d5a00000)
 ParOldGen       total 453120K, used 186572K [0x0000000080000000, 0x000000009ba80000, 0x00000000d5580000)
  object space 453120K, 41% used [0x0000000080000000,0x000000008b633350,0x000000009ba80000)
 Metaspace       used 77054K, committed 78720K, reserved 1179648K
  class space    used 8000K, committed 8768K, reserved 1048576K
}
Event: 159.005 GC heap after
{Heap after GC invocations=885 (full 4):
 PSYoungGen      total 4608K, used 592K [0x00000000d5580000, 0x00000000d5b00000, 0x0000000100000000)
  eden space 3584K, 0% used [0x00000000d5580000,0x00000000d5580000,0x00000000d5900000)
  from space 1024K, 57% used [0x00000000d5900000,0x00000000d5994010,0x00000000d5a00000)
  to   space 1024K, 0% used [0x00000000d5a00000,0x00000000d5a00000,0x00000000d5b00000)
 ParOldGen       total 453120K, used 187158K [0x0000000080000000, 0x000000009ba80000, 0x00000000d5580000)
  object space 453120K, 41% used [0x0000000080000000,0x000000008b6c5b90,0x000000009ba80000)
 Metaspace       used 77054K, committed 78720K, reserved 1179648K
  class space    used 8000K, committed 8768K, reserved 1048576K
}
Event: 159.022 GC heap before
{Heap before GC invocations=886 (full 4):
 PSYoungGen      total 4608K, used 4176K [0x00000000d5580000, 0x00000000d5b00000, 0x0000000100000000)
  eden space 3584K, 100% used [0x00000000d5580000,0x00000000d5900000,0x00000000d5900000)
  from space 1024K, 57% used [0x00000000d5900000,0x00000000d5994010,0x00000000d5a00000)
  to   space 1024K, 0% used [0x00000000d5a00000,0x00000000d5a00000,0x00000000d5b00000)
 ParOldGen       total 453120K, used 187158K [0x0000000080000000, 0x000000009ba80000, 0x00000000d5580000)
  object space 453120K, 41% used [0x0000000080000000,0x000000008b6c5b90,0x000000009ba80000)
 Metaspace       used 77054K, committed 78720K, reserved 1179648K
  class space    used 8000K, committed 8768K, reserved 1048576K
}
Event: 159.023 GC heap after
{Heap after GC invocations=886 (full 4):
 PSYoungGen      total 4608K, used 512K [0x00000000d5580000, 0x00000000d5b00000, 0x0000000100000000)
  eden space 3584K, 0% used [0x00000000d5580000,0x00000000d5580000,0x00000000d5900000)
  from space 1024K, 50% used [0x00000000d5a00000,0x00000000d5a80000,0x00000000d5b00000)
  to   space 1024K, 0% used [0x00000000d5900000,0x00000000d5900000,0x00000000d5a00000)
 ParOldGen       total 453120K, used 187658K [0x0000000080000000, 0x000000009ba80000, 0x00000000d5580000)
  object space 453120K, 41% used [0x0000000080000000,0x000000008b742bc0,0x000000009ba80000)
 Metaspace       used 77054K, committed 78720K, reserved 1179648K
  class space    used 8000K, committed 8768K, reserved 1048576K
}
Event: 159.096 GC heap before
{Heap before GC invocations=887 (full 4):
 PSYoungGen      total 4608K, used 4095K [0x00000000d5580000, 0x00000000d5b00000, 0x0000000100000000)
  eden space 3584K, 99% used [0x00000000d5580000,0x00000000d58ffff8,0x00000000d5900000)
  from space 1024K, 50% used [0x00000000d5a00000,0x00000000d5a80000,0x00000000d5b00000)
  to   space 1024K, 0% used [0x00000000d5900000,0x00000000d5900000,0x00000000d5a00000)
 ParOldGen       total 453120K, used 187658K [0x0000000080000000, 0x000000009ba80000, 0x00000000d5580000)
  object space 453120K, 41% used [0x0000000080000000,0x000000008b742bc0,0x000000009ba80000)
 Metaspace       used 77115K, committed 78784K, reserved 1179648K
  class space    used 8001K, committed 8768K, reserved 1048576K
}
Event: 159.097 GC heap after
{Heap after GC invocations=887 (full 4):
 PSYoungGen      total 4608K, used 994K [0x00000000d5580000, 0x00000000d5e00000, 0x0000000100000000)
  eden space 3584K, 0% used [0x00000000d5580000,0x00000000d5580000,0x00000000d5900000)
  from space 1024K, 97% used [0x00000000d5900000,0x00000000d59f88d0,0x00000000d5a00000)
  to   space 2560K, 0% used [0x00000000d5b80000,0x00000000d5b80000,0x00000000d5e00000)
 ParOldGen       total 453120K, used 188515K [0x0000000080000000, 0x000000009ba80000, 0x00000000d5580000)
  object space 453120K, 41% used [0x0000000080000000,0x000000008b818c20,0x000000009ba80000)
 Metaspace       used 77115K, committed 78784K, reserved 1179648K
  class space    used 8001K, committed 8768K, reserved 1048576K
}
Event: 159.128 GC heap before
{Heap before GC invocations=888 (full 4):
 PSYoungGen      total 4608K, used 4578K [0x00000000d5580000, 0x00000000d5e00000, 0x0000000100000000)
  eden space 3584K, 99% used [0x00000000d5580000,0x00000000d58fffc8,0x00000000d5900000)
  from space 1024K, 97% used [0x00000000d5900000,0x00000000d59f88d0,0x00000000d5a00000)
  to   space 2560K, 0% used [0x00000000d5b80000,0x00000000d5b80000,0x00000000d5e00000)
 ParOldGen       total 453120K, used 188515K [0x0000000080000000, 0x000000009ba80000, 0x00000000d5580000)
  object space 453120K, 41% used [0x0000000080000000,0x000000008b818c20,0x000000009ba80000)
 Metaspace       used 77136K, committed 78784K, reserved 1179648K
  class space    used 8004K, committed 8768K, reserved 1048576K
}
Event: 159.130 GC heap after
{Heap after GC invocations=888 (full 4):
 PSYoungGen      total 4608K, used 674K [0x00000000d5580000, 0x00000000d5c80000, 0x0000000100000000)
  eden space 3584K, 0% used [0x00000000d5580000,0x00000000d5580000,0x00000000d5900000)
  from space 1024K, 65% used [0x00000000d5b80000,0x00000000d5c288d0,0x00000000d5c80000)
  to   space 1536K, 0% used [0x00000000d5980000,0x00000000d5980000,0x00000000d5b00000)
 ParOldGen       total 453120K, used 188879K [0x0000000080000000, 0x000000009ba80000, 0x00000000d5580000)
  object space 453120K, 41% used [0x0000000080000000,0x000000008b873e40,0x000000009ba80000)
 Metaspace       used 77136K, committed 78784K, reserved 1179648K
  class space    used 8004K, committed 8768K, reserved 1048576K
}
Event: 159.144 GC heap before
{Heap before GC invocations=889 (full 4):
 PSYoungGen      total 4608K, used 4258K [0x00000000d5580000, 0x00000000d5c80000, 0x0000000100000000)
  eden space 3584K, 100% used [0x00000000d5580000,0x00000000d5900000,0x00000000d5900000)
  from space 1024K, 65% used [0x00000000d5b80000,0x00000000d5c288d0,0x00000000d5c80000)
  to   space 1536K, 0% used [0x00000000d5980000,0x00000000d5980000,0x00000000d5b00000)
 ParOldGen       total 453120K, used 188879K [0x0000000080000000, 0x000000009ba80000, 0x00000000d5580000)
  object space 453120K, 41% used [0x0000000080000000,0x000000008b873e40,0x000000009ba80000)
 Metaspace       used 77136K, committed 78784K, reserved 1179648K
  class space    used 8004K, committed 8768K, reserved 1048576K
}
Event: 159.146 GC heap after
{Heap after GC invocations=889 (full 4):
 PSYoungGen      total 5120K, used 1526K [0x00000000d5580000, 0x00000000d6200000, 0x0000000100000000)
  eden space 3584K, 0% used [0x00000000d5580000,0x00000000d5580000,0x00000000d5900000)
  from space 1536K, 99% used [0x00000000d5980000,0x00000000d5afd8f0,0x00000000d5b00000)
  to   space 4608K, 0% used [0x00000000d5d80000,0x00000000d5d80000,0x00000000d6200000)
 ParOldGen       total 453120K, used 190941K [0x0000000080000000, 0x000000009ba80000, 0x00000000d5580000)
  object space 453120K, 42% used [0x0000000080000000,0x000000008ba77720,0x000000009ba80000)
 Metaspace       used 77136K, committed 78784K, reserved 1179648K
  class space    used 8004K, committed 8768K, reserved 1048576K
}
Event: 159.156 GC heap before
{Heap before GC invocations=890 (full 4):
 PSYoungGen      total 5120K, used 5110K [0x00000000d5580000, 0x00000000d6200000, 0x0000000100000000)
  eden space 3584K, 100% used [0x00000000d5580000,0x00000000d5900000,0x00000000d5900000)
  from space 1536K, 99% used [0x00000000d5980000,0x00000000d5afd8f0,0x00000000d5b00000)
  to   space 4608K, 0% used [0x00000000d5d80000,0x00000000d5d80000,0x00000000d6200000)
 ParOldGen       total 453120K, used 190941K [0x0000000080000000, 0x000000009ba80000, 0x00000000d5580000)
  object space 453120K, 42% used [0x0000000080000000,0x000000008ba77720,0x000000009ba80000)
 Metaspace       used 77136K, committed 78784K, reserved 1179648K
  class space    used 8004K, committed 8768K, reserved 1048576K
}
Event: 159.161 GC heap after
{Heap after GC invocations=890 (full 4):
 PSYoungGen      total 7168K, used 3520K [0x00000000d5580000, 0x00000000d6100000, 0x0000000100000000)
  eden space 3584K, 0% used [0x00000000d5580000,0x00000000d5580000,0x00000000d5900000)
  from space 3584K, 98% used [0x00000000d5d80000,0x00000000d60f0000,0x00000000d6100000)
  to   space 4096K, 0% used [0x00000000d5900000,0x00000000d5900000,0x00000000d5d00000)
 ParOldGen       total 453120K, used 192508K [0x0000000080000000, 0x000000009ba80000, 0x00000000d5580000)
  object space 453120K, 42% used [0x0000000080000000,0x000000008bbff010,0x000000009ba80000)
 Metaspace       used 77136K, committed 78784K, reserved 1179648K
  class space    used 8004K, committed 8768K, reserved 1048576K
}
Event: 164.350 GC heap before
{Heap before GC invocations=891 (full 4):
 PSYoungGen      total 7168K, used 7104K [0x00000000d5580000, 0x00000000d6100000, 0x0000000100000000)
  eden space 3584K, 100% used [0x00000000d5580000,0x00000000d5900000,0x00000000d5900000)
  from space 3584K, 98% used [0x00000000d5d80000,0x00000000d60f0000,0x00000000d6100000)
  to   space 4096K, 0% used [0x00000000d5900000,0x00000000d5900000,0x00000000d5d00000)
 ParOldGen       total 453120K, used 192508K [0x0000000080000000, 0x000000009ba80000, 0x00000000d5580000)
  object space 453120K, 42% used [0x0000000080000000,0x000000008bbff010,0x000000009ba80000)
 Metaspace       used 77214K, committed 78976K, reserved 1179648K
  class space    used 8018K, committed 8832K, reserved 1048576K
}
Event: 164.352 GC heap after
{Heap after GC invocations=891 (full 4):
 PSYoungGen      total 4608K, used 756K [0x00000000d5580000, 0x00000000d5e00000, 0x0000000100000000)
  eden space 3584K, 0% used [0x00000000d5580000,0x00000000d5580000,0x00000000d5900000)
  from space 1024K, 73% used [0x00000000d5900000,0x00000000d59bd220,0x00000000d5a00000)
  to   space 2048K, 0% used [0x00000000d5c00000,0x00000000d5c00000,0x00000000d5e00000)
 ParOldGen       total 453120K, used 195948K [0x0000000080000000, 0x000000009ba80000, 0x00000000d5580000)
  object space 453120K, 43% used [0x0000000080000000,0x000000008bf5b010,0x000000009ba80000)
 Metaspace       used 77214K, committed 78976K, reserved 1179648K
  class space    used 8018K, committed 8832K, reserved 1048576K
}
Event: 165.457 GC heap before
{Heap before GC invocations=892 (full 4):
 PSYoungGen      total 4608K, used 4340K [0x00000000d5580000, 0x00000000d5e00000, 0x0000000100000000)
  eden space 3584K, 100% used [0x00000000d5580000,0x00000000d5900000,0x00000000d5900000)
  from space 1024K, 73% used [0x00000000d5900000,0x00000000d59bd220,0x00000000d5a00000)
  to   space 2048K, 0% used [0x00000000d5c00000,0x00000000d5c00000,0x00000000d5e00000)
 ParOldGen       total 453120K, used 195948K [0x0000000080000000, 0x000000009ba80000, 0x00000000d5580000)
  object space 453120K, 43% used [0x0000000080000000,0x000000008bf5b010,0x000000009ba80000)
 Metaspace       used 77294K, committed 79040K, reserved 1179648K
  class space    used 8019K, committed 8832K, reserved 1048576K
}
Event: 165.461 GC heap after
{Heap after GC invocations=892 (full 4):
 PSYoungGen      total 4608K, used 526K [0x00000000d5580000, 0x00000000d5d00000, 0x0000000100000000)
  eden space 3584K, 0% used [0x00000000d5580000,0x00000000d5580000,0x00000000d5900000)
  from space 1024K, 51% used [0x00000000d5c00000,0x00000000d5c83aa0,0x00000000d5d00000)
  to   space 1024K, 0% used [0x00000000d5900000,0x00000000d5900000,0x00000000d5a00000)
 ParOldGen       total 453120K, used 196380K [0x0000000080000000, 0x000000009ba80000, 0x00000000d5580000)
  object space 453120K, 43% used [0x0000000080000000,0x000000008bfc7010,0x000000009ba80000)
 Metaspace       used 77294K, committed 79040K, reserved 1179648K
  class space    used 8019K, committed 8832K, reserved 1048576K
}
Event: 165.490 GC heap before
{Heap before GC invocations=893 (full 4):
 PSYoungGen      total 4608K, used 4110K [0x00000000d5580000, 0x00000000d5d00000, 0x0000000100000000)
  eden space 3584K, 99% used [0x00000000d5580000,0x00000000d58fffb0,0x00000000d5900000)
  from space 1024K, 51% used [0x00000000d5c00000,0x00000000d5c83aa0,0x00000000d5d00000)
  to   space 1024K, 0% used [0x00000000d5900000,0x00000000d5900000,0x00000000d5a00000)
 ParOldGen       total 453120K, used 196380K [0x0000000080000000, 0x000000009ba80000, 0x00000000d5580000)
  object space 453120K, 43% used [0x0000000080000000,0x000000008bfc7010,0x000000009ba80000)
 Metaspace       used 77296K, committed 79040K, reserved 1179648K
  class space    used 8019K, committed 8832K, reserved 1048576K
}

